<?xml version="1.0" encoding="UTF-8"?>
<!-- Generated by org.testng.reporters.JUnitXMLReporter -->
<testsuite ignored="0" hostname="Andrew" failures="0" tests="5" name="Test" time="0.073" errors="0" timestamp="2023-08-15T12:57:31 IST">
  <testcase classname="testng.CustomerModule" name="createCustomer" time="0.012"/>
  <testcase classname="testng.CustomerModule" name="createCustomer" time="0.002"/>
  <testcase classname="testng.CustomerModule" name="createCustomer" time="0.001"/>
  <testcase classname="testng.CustomerModule" name="modifyCustomer" time="0.0"/>
  <testcase classname="testng.CustomerModule" name="deleteCustomer" time="0.002"/>
</testsuite> <!-- Test -->
